<?xml version="1.0" encoding="UTF-8"?>
<!-- Generated by org.testng.reporters.JUnitReportReporter -->
<testsuite hostname="ADMIN-PC" name="week4.ChildAnnotation" tests="2" failures="0" timestamp="8 Apr 2017 06:05:28 GMT" time="0.032" errors="0">
  <testcase name="Test1" time="0.005" classname="week4.ChildAnnotation"/>
  <testcase name="Test" time="0.027" classname="week4.ChildAnnotation"/>
</testsuite> <!-- week4.ChildAnnotation -->
