<?xml version="1.0" encoding="UTF-8"?>
<!-- Generated by org.testng.reporters.JUnitReportReporter -->
<testsuite hostname="ADMIN-PC" name="week5.MouseActionDragDownElement" tests="1" failures="0" timestamp="22 Apr 2017 06:00:27 GMT" time="193.599" errors="0">
  <testcase name="mouseAction1" time="193.599" classname="week5.MouseActionDragDownElement"/>
</testsuite> <!-- week5.MouseActionDragDownElement -->
