<?xml version="1.0" encoding="UTF-8"?>
<!-- Generated by org.testng.reporters.JUnitReportReporter -->
<testsuite hostname="ADMIN-PC" name="wrapper1Testcase.TC_Createlead" tests="1" failures="0" timestamp="10 Apr 2017 17:15:17 GMT" time="29.020" errors="0">
  <testcase name="createlead" time="29.020" classname="wrapper1Testcase.TC_Createlead"/>
</testsuite> <!-- wrapper1Testcase.TC_Createlead -->
