<?xml version="1.0" encoding="UTF-8"?>
<!-- Generated by org.testng.reporters.JUnitReportReporter -->
<testsuite hostname="ADMIN-PC" name="Annotations.TC_Createlead" tests="1" failures="0" timestamp="11 Apr 2017 03:33:24 GMT" time="69.895" errors="0">
  <testcase name="createlead" time="69.895" classname="Annotations.TC_Createlead"/>
</testsuite> <!-- Annotations.TC_Createlead -->
