<?xml version="1.0" encoding="UTF-8"?>
<!-- Generated by org.testng.reporters.JUnitReportReporter -->
<testsuite hostname="ADMIN-PC" name="week5.MouseActionResizable" tests="1" failures="0" timestamp="23 Apr 2017 04:47:44 GMT" time="71.948" errors="0">
  <testcase name="mouseAction1" time="71.948" classname="week5.MouseActionResizable"/>
</testsuite> <!-- week5.MouseActionResizable -->
