<?xml version="1.0" encoding="UTF-8"?>
<!-- Generated by org.testng.reporters.JUnitReportReporter -->
<testsuite skipped="0" hostname="Radha-PC" name="testNGExamples.groupExamples" tests="3" failures="0" timestamp="24 Mar 2018 15:57:03 GMT" time="0.085" errors="0">
  <testcase name="testCaseThree" time="0.006" classname="testNGExamples.groupExamples"/>
  <testcase name="testCaseOne" time="0.008" classname="testNGExamples.groupExamples"/>
  <testcase name="testCaseFour" time="0.071" classname="testNGExamples.groupExamples"/>
</testsuite> <!-- testNGExamples.groupExamples -->
