<?xml version="1.0" encoding="UTF-8"?>
<!-- Generated by org.testng.reporters.JUnitReportReporter -->
<testsuite hostname="ADMIN-PC" name="wrapper1Testcase.TC_Deletelead" tests="1" failures="0" timestamp="10 Apr 2017 17:15:16 GMT" time="35.385" errors="0">
  <testcase name="editlead" time="35.385" classname="wrapper1Testcase.TC_Deletelead"/>
</testsuite> <!-- wrapper1Testcase.TC_Deletelead -->
