<?xml version="1.0" encoding="UTF-8"?>
<!-- Generated by org.testng.reporters.JUnitReportReporter -->
<testsuite hostname="ADMIN-PC" name="wrapper1testcase.Testcase3" tests="1" failures="0" timestamp="9 Apr 2017 16:12:25 GMT" time="28.697" errors="0">
  <testcase name="editlead" time="28.697" classname="wrapper1testcase.Testcase3"/>
</testsuite> <!-- wrapper1testcase.Testcase3 -->
