<?xml version="1.0" encoding="UTF-8"?>
<!-- Generated by org.testng.reporters.JUnitReportReporter -->
<testsuite hostname="ADMIN-PC" name="week5.MouseActionMulitSelectablebyKeysDown" tests="1" failures="0" timestamp="20 Apr 2017 02:56:43 GMT" time="26.799" errors="0">
  <testcase name="mouseAction1" time="26.799" classname="week5.MouseActionMulitSelectablebyKeysDown"/>
</testsuite> <!-- week5.MouseActionMulitSelectablebyKeysDown -->
