<?xml version="1.0" encoding="UTF-8"?>
<!-- Generated by org.testng.reporters.JUnitReportReporter -->
<testsuite hostname="ADMIN-PC" name="week5.MouseAction" tests="1" failures="0" timestamp="20 Apr 2017 02:30:33 GMT" time="28.535" errors="0">
  <testcase name="mouseAction1" time="28.535" classname="week5.MouseAction"/>
</testsuite> <!-- week5.MouseAction -->
