<?xml version="1.0" encoding="UTF-8"?>
<!-- Generated by org.testng.reporters.JUnitReportReporter -->
<testsuite skipped="1" hostname="Radha-PC" name="Parametrization.Dataprovider" tests="1" failures="0" timestamp="24 Mar 2018 16:02:56 GMT" time="0.000" errors="0">
  <testcase name="createlead" time="0.000" classname="Parametrization.Dataprovider">
    <skipped/>
  </testcase> <!-- createlead -->
</testsuite> <!-- Parametrization.Dataprovider -->
